c:\users\ommalik\documents\visual studio 2013\projects\hashtablestuff\hashtablechained\debug\vc120.pdb
c:\users\ommalik\documents\visual studio 2013\projects\hashtablestuff\hashtablechained\debug\vc120.idb
c:\users\ommalik\documents\visual studio 2013\projects\hashtablestuff\hashtablechained\debug\hashtablefunc.obj
c:\users\ommalik\documents\visual studio 2013\projects\hashtablestuff\hashtablechained\debug\hashtablemain.obj
c:\users\ommalik\documents\visual studio 2013\projects\hashtablestuff\hashtablechained\debug\list.obj
c:\users\ommalik\documents\visual studio 2013\projects\hashtablestuff\debug\hashtablechained.ilk
c:\users\ommalik\documents\visual studio 2013\projects\hashtablestuff\debug\hashtablechained.exe
c:\users\ommalik\documents\visual studio 2013\projects\hashtablestuff\debug\hashtablechained.pdb
c:\users\omer\documents\github\interviewdoodling\hashtablestuff\hashtablechained\debug\hashtablefunc.obj
c:\users\omer\documents\github\interviewdoodling\hashtablestuff\hashtablechained\debug\hashtablemain.obj
c:\users\omer\documents\github\interviewdoodling\hashtablestuff\hashtablechained\debug\list.obj
c:\users\omer\documents\github\interviewdoodling\hashtablestuff\hashtablechained\debug\vc120.idb
c:\users\omer\documents\github\interviewdoodling\hashtablestuff\hashtablechained\debug\vc120.pdb
c:\users\omer\documents\github\interviewdoodling\hashtablestuff\debug\hashtablechained.pdb
c:\users\omer\documents\github\interviewdoodling\hashtablestuff\debug\hashtablechained.exe
c:\users\omer\documents\github\interviewdoodling\hashtablestuff\debug\hashtablechained.ilk
c:\users\omer\documents\github\interviewdoodling\hashtablestuff\hashtablechained\debug\hashtablechained.tlog\cl.command.1.tlog
c:\users\omer\documents\github\interviewdoodling\hashtablestuff\hashtablechained\debug\hashtablechained.tlog\cl.read.1.tlog
c:\users\omer\documents\github\interviewdoodling\hashtablestuff\hashtablechained\debug\hashtablechained.tlog\cl.write.1.tlog
c:\users\omer\documents\github\interviewdoodling\hashtablestuff\hashtablechained\debug\hashtablechained.tlog\link.command.1.tlog
c:\users\omer\documents\github\interviewdoodling\hashtablestuff\hashtablechained\debug\hashtablechained.tlog\link.read.1.tlog
c:\users\omer\documents\github\interviewdoodling\hashtablestuff\hashtablechained\debug\hashtablechained.tlog\link.write.1.tlog
