Build started 5/1/2015 11:27:34 AM.
     1>Project "C:\Users\ommalik\Documents\Visual Studio 2013\Projects\HashTableStuff\HashTableStuff\HashTableStuff.vcxproj" on node 2 (Rebuild target(s)).
     1>ClCompile:
         C:\Program Files (x86)\Microsoft Visual Studio 12.0\VC\bin\CL.exe /c /ZI /nologo /W3 /WX- /sdl /Od /Oy- /D WIN32 /D _DEBUG /D _CONSOLE /D _LIB /D _UNICODE /D UNICODE /Gm /EHsc /RTC1 /MDd /GS /fp:precise /Zc:wchar_t /Zc:forScope /Yc"stdafx.h" /Fp"Debug\HashTableStuff.pch" /Fo"Debug\\" /Fd"Debug\vc120.pdb" /Gd /TC /analyze- /errorReport:prompt chtbl.c List.c
         List.c
     1>c:\users\ommalik\documents\visual studio 2013\projects\hashtablestuff\hashtablestuff\list.c(2): warning C4067: unexpected tokens following preprocessor directive - expected a newline
     1>c:\users\ommalik\documents\visual studio 2013\projects\hashtablestuff\hashtablestuff\list.c(3): error C2143: syntax error : missing ')' before '*'
     1>c:\users\ommalik\documents\visual studio 2013\projects\hashtablestuff\hashtablestuff\list.c(3): error C2143: syntax error : missing '{' before '*'
     1>c:\users\ommalik\documents\visual studio 2013\projects\hashtablestuff\hashtablestuff\list.c(3): error C2059: syntax error : 'type'
     1>c:\users\ommalik\documents\visual studio 2013\projects\hashtablestuff\hashtablestuff\list.c(20): error C2143: syntax error : missing ')' before '*'
     1>c:\users\ommalik\documents\visual studio 2013\projects\hashtablestuff\hashtablestuff\list.c(20): error C2143: syntax error : missing '{' before '*'
     1>c:\users\ommalik\documents\visual studio 2013\projects\hashtablestuff\hashtablestuff\list.c(20): error C2059: syntax error : ')'
     1>c:\users\ommalik\documents\visual studio 2013\projects\hashtablestuff\hashtablestuff\list.c(20): error C2054: expected '(' to follow 'list'
     1>c:\users\ommalik\documents\visual studio 2013\projects\hashtablestuff\hashtablestuff\list.c(65): error C2143: syntax error : missing ')' before '*'
     1>c:\users\ommalik\documents\visual studio 2013\projects\hashtablestuff\hashtablestuff\list.c(65): error C2143: syntax error : missing '{' before '*'
     1>c:\users\ommalik\documents\visual studio 2013\projects\hashtablestuff\hashtablestuff\list.c(65): error C2143: syntax error : missing ';' before '*'
     1>c:\users\ommalik\documents\visual studio 2013\projects\hashtablestuff\hashtablestuff\list.c(65): error C2059: syntax error : 'type'
     1>c:\users\ommalik\documents\visual studio 2013\projects\hashtablestuff\hashtablestuff\list.c(65): error C2059: syntax error : ')'
     1>c:\users\ommalik\documents\visual studio 2013\projects\hashtablestuff\hashtablestuff\list.c(136): error C2143: syntax error : missing ')' before '*'
     1>c:\users\ommalik\documents\visual studio 2013\projects\hashtablestuff\hashtablestuff\list.c(136): error C2143: syntax error : missing '{' before '*'
     1>c:\users\ommalik\documents\visual studio 2013\projects\hashtablestuff\hashtablestuff\list.c(136): error C2143: syntax error : missing ';' before '*'
     1>c:\users\ommalik\documents\visual studio 2013\projects\hashtablestuff\hashtablestuff\list.c(136): error C2059: syntax error : 'type'
     1>c:\users\ommalik\documents\visual studio 2013\projects\hashtablestuff\hashtablestuff\list.c(136): error C2059: syntax error : ')'
         chtbl.c
     1>c:\users\ommalik\documents\visual studio 2013\projects\hashtablestuff\hashtablestuff\chtbl.c(263): error C2857: '#include' statement specified with the /Ycstdafx.h command-line option was not found in the source file
     1>Done Building Project "C:\Users\ommalik\Documents\Visual Studio 2013\Projects\HashTableStuff\HashTableStuff\HashTableStuff.vcxproj" (Rebuild target(s)) -- FAILED.

Build FAILED.

Time Elapsed 00:00:00.18
