c:\users\omer\source\repos\interviewdoodling\chapter1\chapter3\debug\chapter3.pch
c:\users\omer\source\repos\interviewdoodling\chapter1\chapter3\debug\vc140.pdb
c:\users\omer\source\repos\interviewdoodling\chapter1\chapter3\debug\vc140.idb
c:\users\omer\source\repos\interviewdoodling\chapter1\chapter3\debug\stdafx.obj
c:\users\omer\source\repos\interviewdoodling\chapter1\chapter3\debug\33header.obj
c:\users\omer\source\repos\interviewdoodling\chapter1\chapter3\debug\34header.obj
c:\users\omer\source\repos\interviewdoodling\chapter1\chapter3\debug\chapter3.obj
c:\users\omer\source\repos\interviewdoodling\chapter1\chapter3\debug\linkedlist.obj
c:\users\omer\source\repos\interviewdoodling\chapter1\debug\chapter3.ilk
c:\users\omer\source\repos\interviewdoodling\chapter1\debug\chapter3.exe
c:\users\omer\source\repos\interviewdoodling\chapter1\debug\chapter3.pdb
c:\users\ommalik\documents\github\interviewdoodling\chapter1\chapter3\debug\33header.obj
c:\users\ommalik\documents\github\interviewdoodling\chapter1\chapter3\debug\34header.obj
c:\users\ommalik\documents\github\interviewdoodling\chapter1\chapter3\debug\chapter3.obj
c:\users\ommalik\documents\github\interviewdoodling\chapter1\chapter3\debug\linkedlist.obj
c:\users\ommalik\documents\github\interviewdoodling\chapter1\chapter3\debug\stdafx.obj
c:\users\ommalik\documents\github\interviewdoodling\chapter1\chapter3\debug\chapter3.pch
c:\users\ommalik\documents\github\interviewdoodling\chapter1\chapter3\debug\vc140.idb
c:\users\ommalik\documents\github\interviewdoodling\chapter1\chapter3\debug\vc140.pdb
c:\users\ommalik\documents\github\interviewdoodling\chapter1\debug\chapter3.pdb
c:\users\ommalik\documents\github\interviewdoodling\chapter1\debug\chapter3.exe
c:\users\ommalik\documents\github\interviewdoodling\chapter1\debug\chapter3.ilk
c:\users\ommalik\documents\github\interviewdoodling\chapter1\chapter3\debug\chapter3.tlog\cl.command.1.tlog
c:\users\ommalik\documents\github\interviewdoodling\chapter1\chapter3\debug\chapter3.tlog\cl.read.1.tlog
c:\users\ommalik\documents\github\interviewdoodling\chapter1\chapter3\debug\chapter3.tlog\cl.write.1.tlog
c:\users\ommalik\documents\github\interviewdoodling\chapter1\chapter3\debug\chapter3.tlog\link.command.1.tlog
c:\users\ommalik\documents\github\interviewdoodling\chapter1\chapter3\debug\chapter3.tlog\link.read.1.tlog
c:\users\ommalik\documents\github\interviewdoodling\chapter1\chapter3\debug\chapter3.tlog\link.write.1.tlog
