c:\users\ommalik\documents\github\interviewdoodling\chapter1\chapter1\debug\chapter1.pch
c:\users\ommalik\documents\github\interviewdoodling\chapter1\chapter1\debug\vc140.pdb
c:\users\ommalik\documents\github\interviewdoodling\chapter1\chapter1\debug\vc140.idb
c:\users\ommalik\documents\github\interviewdoodling\chapter1\chapter1\debug\stdafx.obj
c:\users\ommalik\documents\github\interviewdoodling\chapter1\chapter1\debug\vc141.pdb
c:\users\ommalik\documents\github\interviewdoodling\chapter1\chapter1\debug\vc141.idb
c:\users\ommalik\documents\github\interviewdoodling\chapter1\chapter1\debug\hashtable.obj
c:\users\ommalik\documents\github\interviewdoodling\chapter1\chapter1\debug\linkedlist.obj
c:\users\ommalik\documents\github\interviewdoodling\chapter1\chapter1\debug\main.obj
c:\users\ommalik\documents\github\interviewdoodling\chapter1\debug\chapter1.ilk
c:\users\ommalik\documents\github\interviewdoodling\chapter1\debug\chapter1.exe
c:\users\ommalik\documents\github\interviewdoodling\chapter1\debug\chapter1.pdb
c:\users\ommalik\documents\github\interviewdoodling\chapter1\debug\lnk{80a336c3-4005-4c0c-8255-64c2b107659b}.tmp
c:\users\ommalik\documents\github\interviewdoodling\chapter1\chapter1\debug\chapter1.tlog\cl.command.1.tlog
c:\users\ommalik\documents\github\interviewdoodling\chapter1\chapter1\debug\chapter1.tlog\cl.read.1.tlog
c:\users\ommalik\documents\github\interviewdoodling\chapter1\chapter1\debug\chapter1.tlog\cl.write.1.tlog
c:\users\ommalik\documents\github\interviewdoodling\chapter1\chapter1\debug\chapter1.tlog\link.command.1.tlog
c:\users\ommalik\documents\github\interviewdoodling\chapter1\chapter1\debug\chapter1.tlog\link.delete.1.tlog
c:\users\ommalik\documents\github\interviewdoodling\chapter1\chapter1\debug\chapter1.tlog\link.read.1.tlog
c:\users\ommalik\documents\github\interviewdoodling\chapter1\chapter1\debug\chapter1.tlog\link.write.1.tlog
